


ARM Macro Assembler    Page 1 


    1 00000000         ; LCD.s
    2 00000000         ; Student names: change this to your names or look very 
                       silly
    3 00000000         ; Last modification date: change this to the last modifi
                       cation date or look very silly
    4 00000000         
    5 00000000         ; Runs on LM4F120/TM4C123
    6 00000000         ; Use SSI0 to send an 8-bit code to the ST7735 160x128 p
                       ixel LCD.
    7 00000000         
    8 00000000         ; As part of Lab 7, students need to implement these LCD
                       _WriteCommand and LCD_WriteData
    9 00000000         ; This driver assumes two low-level LCD functions
   10 00000000         
   11 00000000         ; Backlight (pin 10) connected to +3.3 V
   12 00000000         ; MISO (pin 9) unconnected
   13 00000000         ; SCK (pin 8) connected to PA2 (SSI0Clk)
   14 00000000         ; MOSI (pin 7) connected to PA5 (SSI0Tx)
   15 00000000         ; TFT_CS (pin 6) connected to PA3 (SSI0Fss)
   16 00000000         ; CARD_CS (pin 5) unconnected
   17 00000000         ; Data/Command (pin 4) connected to PA6 (GPIO)
   18 00000000         ; RESET (pin 3) connected to PA7 (GPIO)
   19 00000000         ; VCC (pin 2) connected to +3.3 V
   20 00000000         ; Gnd (pin 1) connected to ground
   21 00000000         
   22 00000000 400043FC 
                       GPIO_PORTA_DATA_R
                               EQU              0x400043FC
   23 00000000 40008008 
                       SSI0_DR_R
                               EQU              0x40008008
   24 00000000 4000800C 
                       SSI0_SR_R
                               EQU              0x4000800C
   25 00000000 00000004 
                       SSI_SR_RNE
                               EQU              0x00000004  ; SSI Receive FIFO 
                                                            Not Empty
   26 00000000 00000010 
                       SSI_SR_BSY
                               EQU              0x00000010  ; SSI Busy Bit
   27 00000000 00000002 
                       SSI_SR_TNF
                               EQU              0x00000002  ; SSI Transmit FIFO
                                                             Not Full
   28 00000000         
   29 00000000                 EXPORT           writecommand
   30 00000000                 EXPORT           writedata
   31 00000000         
   32 00000000                 AREA             |.text|, CODE, READONLY, ALIGN=
2
   33 00000000                 THUMB
   34 00000000                 ALIGN
   35 00000000         
   36 00000000         ; The Data/Command pin must be valid when the eighth bit
                        is
   37 00000000         ; sent.  The SSI module has hardware input and output FI
                       FOs
   38 00000000         ; that are 8 locations deep.  Based on the observation t



ARM Macro Assembler    Page 2 


                       hat
   39 00000000         ; the LCD interface tends to send a few commands and the
                       n a
   40 00000000         ; lot of data, the FIFOs are not used when writing
   41 00000000         ; commands, and they are used when writing data.  This
   42 00000000         ; ensures that the Data/Command pin status matches the b
                       yte
   43 00000000         ; that is actually being transmitted.
   44 00000000         ; The write command operation waits until all data has b
                       een
   45 00000000         ; sent, configures the Data/Command pin for commands, se
                       nds
   46 00000000         ; the command, and then waits for the transmission to
   47 00000000         ; finish.
   48 00000000         ; The write data operation waits until there is room in 
                       the
   49 00000000         ; transmit FIFO, configures the Data/Command pin for dat
                       a,
   50 00000000         ; and then adds the data to the transmit FIFO.
   51 00000000         ; NOTE: These functions will crash or stall indefinitely
                        if
   52 00000000         ; the SSI0 module is not initialized and enabled.
   53 00000000         
   54 00000000         ; This is a helper function that sends an 8-bit command 
                       to the LCD.
   55 00000000         ; Input: R0  8-bit command to transmit
   56 00000000         ; Output: none
   57 00000000         ; Assumes: SSI0 and port A have already been initialized
                        and enabled
   58 00000000         writecommand
   59 00000000         ;1) Read SSI0_SR_R and check bit 4, 
   60 00000000         ;2) If bit 4 is high, loop back to step 1 (wait for BUSY
                        bit to be low)
   61 00000000         ;3) Clear D/C=PA6 to zero
   62 00000000         ;4) Write the command to SSI0_DR_R
   63 00000000         ;5) Read SSI0_SR_R and check bit 4, 
   64 00000000         ;6) If bit 4 is high, loop back to step 5 (wait for BUSY
                        bit to be low)
   65 00000000 4910    step1   LDR              R1,=SSI0_SR_R ;step 1
   66 00000002 680A            LDR              R2,[R1]
   67 00000004 F002 0210       AND              R2,R2,#0x10
   68 00000008 2A00            CMP              R2,#0
   69 0000000A D8F9            BHI              step1       ;step 2
   70 0000000C         
   71 0000000C 4B0E            LDR              R3,=GPIO_PORTA_DATA_R
   72 0000000E 681A            LDR              R2,[R3]
   73 00000010 F022 0240       BIC              R2,#0x40    ;clear PA6
   74 00000014 601A            STR              R2,[R3]     ;step 3
   75 00000016         
   76 00000016 4B0D            LDR              R3,=SSI0_DR_R
   77 00000018 6018            STR              R0,[R3]     ;step 4
   78 0000001A         
   79 0000001A 680A    step5   LDR              R2,[R1]     ;step 5
   80 0000001C F002 0210       AND              R2,R2,#0x10
   81 00000020 2A00            CMP              R2,#0
   82 00000022 D8FA            BHI              step5       ;step6
   83 00000024         
   84 00000024 4770            BX               LR          ;   return
   85 00000026         



ARM Macro Assembler    Page 3 


   86 00000026         ; This is a helper function that sends an 8-bit data to 
                       the LCD.
   87 00000026         ; Input: R0  8-bit data to transmit
   88 00000026         ; Output: none
   89 00000026         ; Assumes: SSI0 and port A have already been initialized
                        and enabled
   90 00000026         writedata
   91 00000026         ;1) Read SSI0_SR_R and check bit 1, 
   92 00000026         ;2) If bit 1 is low loop back to step 1 (wait for TNF bi
                       t to be high)
   93 00000026         ;3) Set D/C=PA6 to one
   94 00000026         ;4) Write the 8-bit data to SSI0_DR_R
   95 00000026 4907    step1wd LDR              R1,=SSI0_SR_R ;step 1
   96 00000028 680A            LDR              R2,[R1]
   97 0000002A F002 0202       AND              R2,R2,#0x02
   98 0000002E 2A00            CMP              R2,#0
   99 00000030 D0F9            BEQ              step1wd     ;step 2
  100 00000032         
  101 00000032 4B05            LDR              R3,=GPIO_PORTA_DATA_R
  102 00000034 681A            LDR              R2,[R3]
  103 00000036 F042 0240       ORR              R2,#0x40    ;set PA6
  104 0000003A 601A            STR              R2,[R3]     ;step 3
  105 0000003C         
  106 0000003C 4B03            LDR              R3,=SSI0_DR_R
  107 0000003E 6018            STR              R0,[R3]     ;step 4
  108 00000040         
  109 00000040 4770            BX               LR          ;   return
  110 00000042         
  111 00000042         
  112 00000042         ;***************************************************
  113 00000042         ; This is a library for the Adafruit 1.8" SPI display.
  114 00000042         ; This library works with the Adafruit 1.8" TFT Breakout
                        w/SD card
  115 00000042         ; ----> http://www.adafruit.com/products/358
  116 00000042         ; as well as Adafruit raw 1.8" TFT display
  117 00000042         ; ----> http://www.adafruit.com/products/618
  118 00000042         ;
  119 00000042         ; Check out the links above for our tutorials and wiring
                        diagrams
  120 00000042         ; These displays use SPI to communicate, 4 or 5 pins are
                        required to
  121 00000042         ; interface (RST is optional)
  122 00000042         ; Adafruit invests time and resources providing this ope
                       n source code,
  123 00000042         ; please support Adafruit and open-source hardware by pu
                       rchasing
  124 00000042         ; products from Adafruit!
  125 00000042         ;
  126 00000042         ; Written by Limor Fried/Ladyada for Adafruit Industries
                       .
  127 00000042         ; MIT license, all text above must be included in any re
                       distribution
  128 00000042         ;****************************************************
  129 00000042         
  130 00000042 00 00           ALIGN                        ; make sure the end
                                                             of this section is
                                                             aligned
  131 00000044                 END                          ; end of file
              4000800C 



ARM Macro Assembler    Page 4 


              400043FC 
              40008008 
Command Line: --debug --xref --diag_suppress=9931 --cpu=Cortex-M4 --apcs=interw
ork --depend=.\lcd.d -o.\lcd.o -I.\RTE\_Lab8 -IC:\Keil_v5\ARM\PACK\ARM\CMSIS\5.
4.0\CMSIS\Core\Include -IC:\Keil_v5\ARM\PACK\Keil\TM4C_DFP\1.1.0\Device\Include
\TM4C123 --predefine="__EVAL SETA 1" --predefine="__UVISION_VERSION SETA 526" -
-predefine="_RTE_ SETA 1" --predefine="TM4C123GH6PM SETA 1" --list=.\lcd.lst LC
D.s



ARM Macro Assembler    Page 1 Alphabetic symbol ordering
Relocatable symbols

.text 00000000

Symbol: .text
   Definitions
      At line 32 in file LCD.s
   Uses
      None
Comment: .text unused
step1 00000000

Symbol: step1
   Definitions
      At line 65 in file LCD.s
   Uses
      At line 69 in file LCD.s
Comment: step1 used once
step1wd 00000026

Symbol: step1wd
   Definitions
      At line 95 in file LCD.s
   Uses
      At line 99 in file LCD.s
Comment: step1wd used once
step5 0000001A

Symbol: step5
   Definitions
      At line 79 in file LCD.s
   Uses
      At line 82 in file LCD.s
Comment: step5 used once
writecommand 00000000

Symbol: writecommand
   Definitions
      At line 58 in file LCD.s
   Uses
      At line 29 in file LCD.s
Comment: writecommand used once
writedata 00000026

Symbol: writedata
   Definitions
      At line 90 in file LCD.s
   Uses
      At line 30 in file LCD.s
Comment: writedata used once
6 symbols



ARM Macro Assembler    Page 1 Alphabetic symbol ordering
Absolute symbols

GPIO_PORTA_DATA_R 400043FC

Symbol: GPIO_PORTA_DATA_R
   Definitions
      At line 22 in file LCD.s
   Uses
      At line 71 in file LCD.s
      At line 101 in file LCD.s

SSI0_DR_R 40008008

Symbol: SSI0_DR_R
   Definitions
      At line 23 in file LCD.s
   Uses
      At line 76 in file LCD.s
      At line 106 in file LCD.s

SSI0_SR_R 4000800C

Symbol: SSI0_SR_R
   Definitions
      At line 24 in file LCD.s
   Uses
      At line 65 in file LCD.s
      At line 95 in file LCD.s

SSI_SR_BSY 00000010

Symbol: SSI_SR_BSY
   Definitions
      At line 26 in file LCD.s
   Uses
      None
Comment: SSI_SR_BSY unused
SSI_SR_RNE 00000004

Symbol: SSI_SR_RNE
   Definitions
      At line 25 in file LCD.s
   Uses
      None
Comment: SSI_SR_RNE unused
SSI_SR_TNF 00000002

Symbol: SSI_SR_TNF
   Definitions
      At line 27 in file LCD.s
   Uses
      None
Comment: SSI_SR_TNF unused
6 symbols
348 symbols in table
